<?xml version="1.0" encoding="UTF-8"?>
<testng-results skipped="0" failed="0" ignored="0" total="1" passed="1">
  <reporter-output>
  </reporter-output>
  <suite name="Default suite" duration-ms="9575" started-at="2022-08-29T13:40:59Z" finished-at="2022-08-29T13:41:09Z">
    <groups>
      <group name="cucumber">
        <method signature="AbstractTestNGCucumberTests.feature(cucumber.api.testng.CucumberFeatureWrapper)[pri:0, instance:com.ebay.runner.CukeRunner@34cd072c]" name="feature" class="cucumber.api.testng.AbstractTestNGCucumberTests"/>
      </group> <!-- cucumber -->
    </groups>
    <test name="Default test" duration-ms="9575" started-at="2022-08-29T13:40:59Z" finished-at="2022-08-29T13:41:09Z">
      <class name="com.ebay.runner.CukeRunner">
        <test-method status="PASS" signature="initDriver()[pri:0, instance:com.ebay.runner.CukeRunner@34cd072c]" name="initDriver" is-config="true" duration-ms="3334" started-at="2022-08-29T19:10:56Z" finished-at="2022-08-29T19:10:59Z">
          <reporter-output>
          </reporter-output>
        </test-method> <!-- initDriver -->
        <test-method status="PASS" signature="initDriver()[pri:0, instance:com.ebay.runner.CukeRunner@34cd072c]" name="initDriver" is-config="true" duration-ms="2" started-at="2022-08-29T19:10:59Z" finished-at="2022-08-29T19:10:59Z">
          <reporter-output>
          </reporter-output>
        </test-method> <!-- initDriver -->
        <test-method status="PASS" signature="setUpClass()[pri:0, instance:com.ebay.runner.CukeRunner@34cd072c]" name="setUpClass" is-config="true" duration-ms="427" started-at="2022-08-29T19:10:59Z" finished-at="2022-08-29T19:11:00Z">
          <reporter-output>
          </reporter-output>
        </test-method> <!-- setUpClass -->
        <test-method status="PASS" signature="setup()[pri:0, instance:com.ebay.runner.CukeRunner@34cd072c]" name="setup" is-config="true" duration-ms="197" started-at="2022-08-29T19:11:00Z" finished-at="2022-08-29T19:11:00Z">
          <reporter-output>
          </reporter-output>
        </test-method> <!-- setup -->
        <test-method status="PASS" signature="feature(cucumber.api.testng.CucumberFeatureWrapper)[pri:0, instance:com.ebay.runner.CukeRunner@34cd072c]" name="feature" duration-ms="8219" started-at="2022-08-29T19:11:00Z" description="Runs Cucumber Feature" data-provider="features" finished-at="2022-08-29T19:11:08Z">
          <params>
            <param index="0">
              <value>
                <![CDATA[To verify Add to cart feature on]]>
              </value>
            </param>
          </params>
          <reporter-output>
          </reporter-output>
        </test-method> <!-- feature -->
        <test-method status="PASS" signature="writeExtentReport()[pri:0, instance:com.ebay.runner.CukeRunner@34cd072c]" name="writeExtentReport" is-config="true" duration-ms="39" started-at="2022-08-29T19:11:08Z" finished-at="2022-08-29T19:11:08Z">
          <reporter-output>
          </reporter-output>
        </test-method> <!-- writeExtentReport -->
        <test-method status="PASS" signature="tearDownClass()[pri:0, instance:com.ebay.runner.CukeRunner@34cd072c]" name="tearDownClass" is-config="true" duration-ms="566" started-at="2022-08-29T19:11:08Z" finished-at="2022-08-29T19:11:09Z">
          <reporter-output>
          </reporter-output>
        </test-method> <!-- tearDownClass -->
        <test-method status="PASS" signature="teardown()[pri:0, instance:com.ebay.runner.CukeRunner@34cd072c]" name="teardown" is-config="true" duration-ms="57" started-at="2022-08-29T19:11:09Z" finished-at="2022-08-29T19:11:09Z">
          <reporter-output>
          </reporter-output>
        </test-method> <!-- teardown -->
      </class> <!-- com.ebay.runner.CukeRunner -->
    </test> <!-- Default test -->
  </suite> <!-- Default suite -->
</testng-results>
