<?xml version="1.0" encoding="UTF-8"?>
<testng-results skipped="0" failed="0" ignored="0" total="1" passed="1">
  <reporter-output>
  </reporter-output>
  <suite name="Default suite" duration-ms="17180" started-at="2022-08-29T07:54:41Z" finished-at="2022-08-29T07:54:58Z">
    <groups>
      <group name="cucumber">
        <method signature="AbstractTestNGCucumberTests.feature(cucumber.api.testng.CucumberFeatureWrapper)[pri:0, instance:com.ebay.runner.CukeRunner@1d29cf23]" name="feature" class="cucumber.api.testng.AbstractTestNGCucumberTests"/>
      </group> <!-- cucumber -->
    </groups>
    <test name="Default test" duration-ms="17180" started-at="2022-08-29T07:54:41Z" finished-at="2022-08-29T07:54:58Z">
      <class name="com.ebay.runner.CukeRunner">
        <test-method status="PASS" signature="initDriver()[pri:0, instance:com.ebay.runner.CukeRunner@1d29cf23]" name="initDriver" is-config="true" duration-ms="27171" started-at="2022-08-29T13:24:14Z" finished-at="2022-08-29T13:24:41Z">
          <reporter-output>
          </reporter-output>
        </test-method> <!-- initDriver -->
        <test-method status="PASS" signature="initDriver()[pri:0, instance:com.ebay.runner.CukeRunner@1d29cf23]" name="initDriver" is-config="true" duration-ms="8" started-at="2022-08-29T13:24:41Z" finished-at="2022-08-29T13:24:41Z">
          <reporter-output>
          </reporter-output>
        </test-method> <!-- initDriver -->
        <test-method status="PASS" signature="setUpClass()[pri:0, instance:com.ebay.runner.CukeRunner@1d29cf23]" name="setUpClass" is-config="true" duration-ms="361" started-at="2022-08-29T13:24:41Z" finished-at="2022-08-29T13:24:41Z">
          <reporter-output>
          </reporter-output>
        </test-method> <!-- setUpClass -->
        <test-method status="PASS" signature="setup()[pri:0, instance:com.ebay.runner.CukeRunner@1d29cf23]" name="setup" is-config="true" duration-ms="206" started-at="2022-08-29T13:24:41Z" finished-at="2022-08-29T13:24:41Z">
          <reporter-output>
          </reporter-output>
        </test-method> <!-- setup -->
        <test-method status="PASS" signature="feature(cucumber.api.testng.CucumberFeatureWrapper)[pri:0, instance:com.ebay.runner.CukeRunner@1d29cf23]" name="feature" duration-ms="15767" started-at="2022-08-29T13:24:41Z" description="Runs Cucumber Feature" data-provider="features" finished-at="2022-08-29T13:24:57Z">
          <params>
            <param index="0">
              <value>
                <![CDATA[To verify Add to cart feature on]]>
              </value>
            </param>
          </params>
          <reporter-output>
          </reporter-output>
        </test-method> <!-- feature -->
        <test-method status="PASS" signature="writeExtentReport()[pri:0, instance:com.ebay.runner.CukeRunner@1d29cf23]" name="writeExtentReport" is-config="true" duration-ms="26" started-at="2022-08-29T13:24:57Z" finished-at="2022-08-29T13:24:57Z">
          <reporter-output>
          </reporter-output>
        </test-method> <!-- writeExtentReport -->
        <test-method status="PASS" signature="tearDownClass()[pri:0, instance:com.ebay.runner.CukeRunner@1d29cf23]" name="tearDownClass" is-config="true" duration-ms="649" started-at="2022-08-29T13:24:57Z" finished-at="2022-08-29T13:24:58Z">
          <reporter-output>
          </reporter-output>
        </test-method> <!-- tearDownClass -->
        <test-method status="PASS" signature="teardown()[pri:0, instance:com.ebay.runner.CukeRunner@1d29cf23]" name="teardown" is-config="true" duration-ms="101" started-at="2022-08-29T13:24:58Z" finished-at="2022-08-29T13:24:58Z">
          <reporter-output>
          </reporter-output>
        </test-method> <!-- teardown -->
      </class> <!-- com.ebay.runner.CukeRunner -->
    </test> <!-- Default test -->
  </suite> <!-- Default suite -->
</testng-results>
